<?xml version="1.0" encoding="UTF-8"?>
<testsuite xmlns:xsi="http://www.w3.org/2001/XMLSchema-instance" xsi:noNamespaceSchemaLocation="https://maven.apache.org/surefire/maven-surefire-plugin/xsd/surefire-test-report-3.0.xsd" version="3.0" name="com.leetcode.monitor.controller.ContestConfigControllerTest" time="0.049" tests="7" errors="0" skipped="0" failures="0">
  <properties>
[...]
</properties>
  <testcase name="testBlankProblemUrlReturnsBadRequest" classname="com.leetcode.monitor.controller.ContestConfigControllerTest" time="0.022">
    <system-out><![CDATA[2026-08-17T00:07:31.937+05:30  INFO 17232 --- [           main] t.c.s.AnnotationConfigContextLoaderUtils : Could not detect default configuration classes for test class [com.leetcode.monitor.controller.ContestConfigControllerTest]: ContestConfigControllerTest does not declare any static, non-private, non-final, nested classes annotated with @Configuration.
2026-08-17T00:07:31.939+05:30  INFO 17232 --- [           main] .b.t.c.SpringBootTestContextBootstrapper : Found @SpringBootConfiguration com.leetcode.monitor.LcMonitorApplication for test class com.leetcode.monitor.controller.ContestConfigControllerTest
2026-08-17T00:07:31.961+05:30  INFO 17232 --- [           main] c.l.m.c.ContestConfigController          : Received POST /api/contest/config request
2026-08-17T00:07:31.961+05:30 ERROR 17232 --- [           main] c.l.m.c.ContestConfigController          : Configuration failed: problemUrl is blank for Q1
]]></system-out>
  </testcase>
  <testcase name="testEmptyRequestBodyReturnsBadRequest" classname="com.leetcode.monitor.controller.ContestConfigControllerTest" time="0.002">
    <system-out><![CDATA[2026-08-17T00:07:31.965+05:30  INFO 17232 --- [           main] c.l.m.c.ContestConfigController          : Received POST /api/contest/config request
2026-08-17T00:07:31.965+05:30 ERROR 17232 --- [           main] c.l.m.c.ContestConfigController          : Configuration failed: request body is missing
]]></system-out>
  </testcase>
  <testcase name="testInvalidQuestionsCountReturnsBadRequest" classname="com.leetcode.monitor.controller.ContestConfigControllerTest" time="0.002">
    <system-out><![CDATA[2026-08-17T00:07:31.968+05:30  INFO 17232 --- [           main] c.l.m.c.ContestConfigController          : Received POST /api/contest/config request
2026-08-17T00:07:31.968+05:30 ERROR 17232 --- [           main] c.l.m.c.ContestConfigController          : Configuration failed: questions count is not 4
]]></system-out>
  </testcase>
  <testcase name="testDuplicateQuestionNumbersReturnsBadRequest" classname="com.leetcode.monitor.controller.ContestConfigControllerTest" time="0.002">
    <system-out><![CDATA[2026-08-17T00:07:31.970+05:30  INFO 17232 --- [           main] c.l.m.c.ContestConfigController          : Received POST /api/contest/config request
2026-08-17T00:07:31.971+05:30 ERROR 17232 --- [           main] c.l.m.c.ContestConfigController          : Configuration failed: duplicate questionNumber 'Q1'
]]></system-out>
  </testcase>
  <testcase name="testValidContestConfigReturnsOkAndInitializesState" classname="com.leetcode.monitor.controller.ContestConfigControllerTest" time="0.004">
    <system-out><![CDATA[2026-08-17T00:07:31.974+05:30  INFO 17232 --- [           main] c.l.m.c.ContestConfigController          : Received POST /api/contest/config request
2026-08-17T00:07:31.974+05:30  INFO 17232 --- [           main] c.l.monitor.service.ContestStateService  : Initializing contest state for URL: https://leetcode.com/contest/weekly-contest-400 with 4 questions
2026-08-17T00:07:31.974+05:30  INFO 17232 --- [           main] c.l.monitor.service.ContestStateService  : Contest state successfully initialized with lifecycleState=INITIALISED
2026-08-17T00:07:31.974+05:30  INFO 17232 --- [           main] c.l.m.c.ContestConfigController          : Successfully configured contest for URL: https://leetcode.com/contest/weekly-contest-400
]]></system-out>
  </testcase>
  <testcase name="testMissingContestUrlReturnsBadRequest" classname="com.leetcode.monitor.controller.ContestConfigControllerTest" time="0.004">
    <system-out><![CDATA[2026-08-17T00:07:31.980+05:30  INFO 17232 --- [           main] c.l.m.c.ContestConfigController          : Received POST /api/contest/config request
2026-08-17T00:07:31.981+05:30 ERROR 17232 --- [           main] c.l.m.c.ContestConfigController          : Configuration failed: contestUrl is missing or blank
]]></system-out>
  </testcase>
  <testcase name="testInvalidQuestionNumberReturnsBadRequest" classname="com.leetcode.monitor.controller.ContestConfigControllerTest" time="0.002">
    <system-out><![CDATA[2026-08-17T00:07:31.984+05:30  INFO 17232 --- [           main] c.l.m.c.ContestConfigController          : Received POST /api/contest/config request
2026-08-17T00:07:31.984+05:30 ERROR 17232 --- [           main] c.l.m.c.ContestConfigController          : Configuration failed: invalid questionNumber 'Q5'
]]></system-out>
  </testcase>
</testsuite>